[debug] [2024-01-04T16:38:39.981Z] ----------------------------------------------------------------------
[debug] [2024-01-04T16:38:39.983Z] Command:       /usr/local/bin/firebase /Users/orisu/.cache/firebase/tools/lib/node_modules/firebase-tools/lib/bin/firebase deploy
[debug] [2024-01-04T16:38:39.984Z] CLI Version:   12.9.1
[debug] [2024-01-04T16:38:39.984Z] Platform:      darwin
[debug] [2024-01-04T16:38:39.984Z] Node Version:  v16.16.0
[debug] [2024-01-04T16:38:39.985Z] Time:          Thu Jan 04 2024 23:38:39 GMT+0700 (Indochina Time)
[debug] [2024-01-04T16:38:39.985Z] ----------------------------------------------------------------------
[debug] 
[debug] [2024-01-04T16:38:40.060Z] > command requires scopes: ["email","openid","https://www.googleapis.com/auth/cloudplatformprojects.readonly","https://www.googleapis.com/auth/firebase","https://www.googleapis.com/auth/cloud-platform"]
[debug] [2024-01-04T16:38:40.060Z] > authorizing via signed-in user (haunv1503@gmail.com)
[debug] [2024-01-04T16:38:40.060Z] [iam] checking project shiki-project-26a57 for permissions ["firebase.projects.get","firebasehosting.sites.update"]
[debug] [2024-01-04T16:38:40.063Z] >>> [apiv2][query] POST https://cloudresourcemanager.googleapis.com/v1/projects/shiki-project-26a57:testIamPermissions [none]
[debug] [2024-01-04T16:38:40.063Z] >>> [apiv2][(partial)header] POST https://cloudresourcemanager.googleapis.com/v1/projects/shiki-project-26a57:testIamPermissions x-goog-quota-user=projects/shiki-project-26a57
[debug] [2024-01-04T16:38:40.064Z] >>> [apiv2][body] POST https://cloudresourcemanager.googleapis.com/v1/projects/shiki-project-26a57:testIamPermissions {"permissions":["firebase.projects.get","firebasehosting.sites.update"]}
[debug] [2024-01-04T16:38:41.106Z] <<< [apiv2][status] POST https://cloudresourcemanager.googleapis.com/v1/projects/shiki-project-26a57:testIamPermissions 200
[debug] [2024-01-04T16:38:41.107Z] <<< [apiv2][body] POST https://cloudresourcemanager.googleapis.com/v1/projects/shiki-project-26a57:testIamPermissions {"permissions":["firebase.projects.get","firebasehosting.sites.update"]}
[debug] [2024-01-04T16:38:41.108Z] >>> [apiv2][query] GET https://firebase.googleapis.com/v1beta1/projects/shiki-project-26a57 [none]
[debug] [2024-01-04T16:38:41.626Z] <<< [apiv2][status] GET https://firebase.googleapis.com/v1beta1/projects/shiki-project-26a57 200
[debug] [2024-01-04T16:38:41.627Z] <<< [apiv2][body] GET https://firebase.googleapis.com/v1beta1/projects/shiki-project-26a57 {"projectId":"shiki-project-26a57","projectNumber":"959638324496","displayName":"Shiki-project","name":"projects/shiki-project-26a57","resources":{"hostingSite":"shiki-project-26a57"},"state":"ACTIVE","etag":"1_20eb9c81-b9c8-400c-8d65-52e47228f6e1"}
[info] 
   Thank you for trying our early preview of Next.js support on Firebase Hosting.
   During the preview, support is best-effort and breaking changes can be expected. Proceed with caution.

   Documentation: https://firebase.google.com/docs/hosting/frameworks/nextjs
   File a bug: https://github.com/firebase/firebase-tools/issues/new?template=bug_report.md
   Submit a feature request: https://github.com/firebase/firebase-tools/issues/new?template=feature_request.md

   We'd love to learn from you. Express your interest in helping us shape the future of Firebase Hosting: https://goo.gle/41enW5X

[info] You are using Node.js 16.16.0. For Next.js, Node.js version >= v18.17.0 is required.

[debug] [2024-01-04T16:38:54.640Z] Error: ENOENT: no such file or directory, open '/Users/orisu/Desktop/blockchain/dapp-oris/.next/export-marker.json'
[error] 
[error] Error: An unexpected error has occurred.
